<?xml version="1.0" encoding="UTF-8"?>
<testsuite xmlns:xsi="http://www.w3.org/2001/XMLSchema-instance" xsi:noNamespaceSchemaLocation="https://maven.apache.org/surefire/maven-surefire-plugin/xsd/surefire-test-report.xsd" version="3.0.2" name="com.seminolestate.luroma.test.FibonacciTest" time="0.065" tests="6" errors="0" skipped="0" failures="0">
  <properties>
[...]
</properties>
  <testcase name="testFibonacci(int, int)[1]" classname="com.seminolestate.luroma.test.FibonacciTest" time="0.02">
    <system-out><![CDATA[Running test for input: 0
Execution time: 0 millis
Expected: 0
Actual: 0

]]></system-out>
  </testcase>
  <testcase name="testFibonacci(int, int)[2]" classname="com.seminolestate.luroma.test.FibonacciTest" time="0.001">
    <system-out><![CDATA[Running test for input: 1
Execution time: 0 millis
Expected: 1
Actual: 1

]]></system-out>
  </testcase>
  <testcase name="testFibonacci(int, int)[3]" classname="com.seminolestate.luroma.test.FibonacciTest" time="0.001">
    <system-out><![CDATA[Running test for input: 2
Execution time: 0 millis
Expected: 1
Actual: 1

]]></system-out>
  </testcase>
  <testcase name="testFibonacci(int, int)[4]" classname="com.seminolestate.luroma.test.FibonacciTest" time="0.001">
    <system-out><![CDATA[Running test for input: 3
Execution time: 0 millis
Expected: 2
Actual: 2

]]></system-out>
  </testcase>
  <testcase name="testFibonacci(int, int)[5]" classname="com.seminolestate.luroma.test.FibonacciTest" time="0.001">
    <system-out><![CDATA[Running test for input: 5
Execution time: 0 millis
Expected: 5
Actual: 5

]]></system-out>
  </testcase>
  <testcase name="testFibonacci(int, int)[6]" classname="com.seminolestate.luroma.test.FibonacciTest" time="0.001">
    <system-out><![CDATA[Running test for input: 10
Execution time: 0 millis
Expected: 55
Actual: 55

]]></system-out>
  </testcase>
</testsuite>