<?xml version="1.0" encoding="UTF-8"?>
<testsuite xmlns:xsi="http://www.w3.org/2001/XMLSchema-instance" xsi:noNamespaceSchemaLocation="https://maven.apache.org/surefire/maven-surefire-plugin/xsd/surefire-test-report.xsd" version="3.0.2" name="com.seminolestate.luroma.test.FibonacciTest" time="0.031" tests="6" errors="0" skipped="0" failures="0">
  <properties>
[...]
</properties>
  <testcase name="testFibonacciThree" classname="com.seminolestate.luroma.test.FibonacciTest" time="0.014"/>
  <testcase name="testFibonacciOne" classname="com.seminolestate.luroma.test.FibonacciTest" time="0.001"/>
  <testcase name="testFibonacciTen" classname="com.seminolestate.luroma.test.FibonacciTest" time="0.001"/>
  <testcase name="testFibonacciTwo" classname="com.seminolestate.luroma.test.FibonacciTest" time="0.001"/>
  <testcase name="testFibonacciFive" classname="com.seminolestate.luroma.test.FibonacciTest" time="0.0"/>
  <testcase name="testFibonacciZero" classname="com.seminolestate.luroma.test.FibonacciTest" time="0.0"/>
</testsuite>